# Logfile created on 2015-03-21 22:41:49 -0700 by logger.rb/41954
I, [2015-03-21T22:41:49.119818 #12051]  INFO -- : 0:  rake (10.4.2) from /Users/Amelia/.rvm/gems/ruby-2.0.0-p353/specifications/rake-10.4.2.gemspec
I, [2015-03-21T22:41:49.120494 #12051]  INFO -- : 0:  i18n (0.7.0) from /Users/Amelia/.rvm/gems/ruby-2.0.0-p353/specifications/i18n-0.7.0.gemspec
I, [2015-03-21T22:41:49.120788 #12051]  INFO -- : 0:  minitest (4.7.5) from /Users/Amelia/.rvm/gems/ruby-2.0.0-p353/specifications/minitest-4.7.5.gemspec
I, [2015-03-21T22:41:49.121050 #12051]  INFO -- : 0:  multi_json (1.11.0) from /Users/Amelia/.rvm/gems/ruby-2.0.0-p353/specifications/multi_json-1.11.0.gemspec
I, [2015-03-21T22:41:49.121269 #12051]  INFO -- : 0:  thread_safe (0.3.5) from /Users/Amelia/.rvm/gems/ruby-2.0.0-p353/specifications/thread_safe-0.3.5.gemspec
I, [2015-03-21T22:41:49.121555 #12051]  INFO -- : 0:  tzinfo (0.3.43) from /Users/Amelia/.rvm/gems/ruby-2.0.0-p353/specifications/tzinfo-0.3.43.gemspec
I, [2015-03-21T22:41:49.121807 #12051]  INFO -- : 0:  activesupport (4.0.2) from /Users/Amelia/.rvm/gems/ruby-2.0.0-p353/specifications/activesupport-4.0.2.gemspec
I, [2015-03-21T22:41:49.122045 #12051]  INFO -- : 0:  builder (3.1.4) from /Users/Amelia/.rvm/gems/ruby-2.0.0-p353/specifications/builder-3.1.4.gemspec
I, [2015-03-21T22:41:49.122337 #12051]  INFO -- : 0:  erubis (2.7.0) from /Users/Amelia/.rvm/gems/ruby-2.0.0-p353/specifications/erubis-2.7.0.gemspec
I, [2015-03-21T22:41:49.122538 #12051]  INFO -- : 0:  rack (1.5.2) from /Users/Amelia/.rvm/gems/ruby-2.0.0-p353/specifications/rack-1.5.2.gemspec
I, [2015-03-21T22:41:49.122720 #12051]  INFO -- : 0:  rack-test (0.6.3) from /Users/Amelia/.rvm/gems/ruby-2.0.0-p353/specifications/rack-test-0.6.3.gemspec
I, [2015-03-21T22:41:49.122920 #12051]  INFO -- : 0:  actionpack (4.0.2) from /Users/Amelia/.rvm/gems/ruby-2.0.0-p353/specifications/actionpack-4.0.2.gemspec
I, [2015-03-21T22:41:49.123140 #12051]  INFO -- : 0:  mime-types (1.25.1) from /Users/Amelia/.rvm/gems/ruby-2.0.0-p353/specifications/mime-types-1.25.1.gemspec
I, [2015-03-21T22:41:49.123343 #12051]  INFO -- : 0:  polyglot (0.3.5) from /Users/Amelia/.rvm/gems/ruby-2.0.0-p353/specifications/polyglot-0.3.5.gemspec
I, [2015-03-21T22:41:49.123547 #12051]  INFO -- : 0:  treetop (1.4.15) from /Users/Amelia/.rvm/gems/ruby-2.0.0-p353/specifications/treetop-1.4.15.gemspec
I, [2015-03-21T22:41:49.123727 #12051]  INFO -- : 0:  mail (2.5.4) from /Users/Amelia/.rvm/gems/ruby-2.0.0-p353/specifications/mail-2.5.4.gemspec
I, [2015-03-21T22:41:49.123899 #12051]  INFO -- : 0:  actionmailer (4.0.2) from /Users/Amelia/.rvm/gems/ruby-2.0.0-p353/specifications/actionmailer-4.0.2.gemspec
I, [2015-03-21T22:41:49.124103 #12051]  INFO -- : 0:  activemodel (4.0.2) from /Users/Amelia/.rvm/gems/ruby-2.0.0-p353/specifications/activemodel-4.0.2.gemspec
I, [2015-03-21T22:41:49.124288 #12051]  INFO -- : 0:  activerecord-deprecated_finders (1.0.3) from /Users/Amelia/.rvm/gems/ruby-2.0.0-p353/specifications/activerecord-deprecated_finders-1.0.3.gemspec
I, [2015-03-21T22:41:49.124507 #12051]  INFO -- : 0:  arel (4.0.2) from /Users/Amelia/.rvm/gems/ruby-2.0.0-p353/specifications/arel-4.0.2.gemspec
I, [2015-03-21T22:41:49.124739 #12051]  INFO -- : 0:  activerecord (4.0.2) from /Users/Amelia/.rvm/gems/ruby-2.0.0-p353/specifications/activerecord-4.0.2.gemspec
I, [2015-03-21T22:41:49.124931 #12051]  INFO -- : 0:  bundler (1.5.1) from /Users/Amelia/.rvm/gems/ruby-2.0.0-p353@global/specifications/bundler-1.5.1.gemspec
I, [2015-03-21T22:41:49.125122 #12051]  INFO -- : 0:  coffee-script-source (1.9.1) from /Users/Amelia/.rvm/gems/ruby-2.0.0-p353/specifications/coffee-script-source-1.9.1.gemspec
I, [2015-03-21T22:41:49.125348 #12051]  INFO -- : 0:  execjs (2.4.0) from /Users/Amelia/.rvm/gems/ruby-2.0.0-p353/specifications/execjs-2.4.0.gemspec
I, [2015-03-21T22:41:49.125547 #12051]  INFO -- : 0:  coffee-script (2.3.0) from /Users/Amelia/.rvm/gems/ruby-2.0.0-p353/specifications/coffee-script-2.3.0.gemspec
I, [2015-03-21T22:41:49.125747 #12051]  INFO -- : 0:  thor (0.19.1) from /Users/Amelia/.rvm/gems/ruby-2.0.0-p353/specifications/thor-0.19.1.gemspec
I, [2015-03-21T22:41:49.126068 #12051]  INFO -- : 0:  railties (4.0.2) from /Users/Amelia/.rvm/gems/ruby-2.0.0-p353/specifications/railties-4.0.2.gemspec
I, [2015-03-21T22:41:49.126299 #12051]  INFO -- : 0:  coffee-rails (4.0.1) from /Users/Amelia/.rvm/gems/ruby-2.0.0-p353/specifications/coffee-rails-4.0.1.gemspec
I, [2015-03-21T22:41:49.126479 #12051]  INFO -- : 0:  hike (1.2.3) from /Users/Amelia/.rvm/gems/ruby-2.0.0-p353/specifications/hike-1.2.3.gemspec
I, [2015-03-21T22:41:49.126668 #12051]  INFO -- : 0:  jbuilder (1.5.3) from /Users/Amelia/.rvm/gems/ruby-2.0.0-p353/specifications/jbuilder-1.5.3.gemspec
I, [2015-03-21T22:41:49.126862 #12051]  INFO -- : 0:  jquery-rails (3.1.2) from /Users/Amelia/.rvm/gems/ruby-2.0.0-p353/specifications/jquery-rails-3.1.2.gemspec
I, [2015-03-21T22:41:49.127057 #12051]  INFO -- : 0:  json (1.8.2) from /Users/Amelia/.rvm/gems/ruby-2.0.0-p353/specifications/json-1.8.2.gemspec
I, [2015-03-21T22:41:49.127267 #12051]  INFO -- : 0:  pg (0.17.1) from /Users/Amelia/.rvm/gems/ruby-2.0.0-p353/specifications/pg-0.17.1.gemspec
I, [2015-03-21T22:41:49.127460 #12051]  INFO -- : 0:  tilt (1.4.1) from /Users/Amelia/.rvm/gems/ruby-2.0.0-p353/specifications/tilt-1.4.1.gemspec
I, [2015-03-21T22:41:49.127650 #12051]  INFO -- : 0:  sprockets (2.12.3) from /Users/Amelia/.rvm/gems/ruby-2.0.0-p353/specifications/sprockets-2.12.3.gemspec
I, [2015-03-21T22:41:49.127847 #12051]  INFO -- : 0:  sprockets-rails (2.0.1) from /Users/Amelia/.rvm/gems/ruby-2.0.0-p353/specifications/sprockets-rails-2.0.1.gemspec
I, [2015-03-21T22:41:49.128047 #12051]  INFO -- : 0:  rails (4.0.2) from /Users/Amelia/.rvm/gems/ruby-2.0.0-p353/specifications/rails-4.0.2.gemspec
I, [2015-03-21T22:41:49.128246 #12051]  INFO -- : 0:  rails_serve_static_assets (0.0.2) from /Users/Amelia/.rvm/gems/ruby-2.0.0-p353/specifications/rails_serve_static_assets-0.0.2.gemspec
I, [2015-03-21T22:41:49.128443 #12051]  INFO -- : 0:  rails_stdout_logging (0.0.3) from /Users/Amelia/.rvm/gems/ruby-2.0.0-p353/specifications/rails_stdout_logging-0.0.3.gemspec
I, [2015-03-21T22:41:49.128643 #12051]  INFO -- : 0:  rails_12factor (0.0.2) from /Users/Amelia/.rvm/gems/ruby-2.0.0-p353/specifications/rails_12factor-0.0.2.gemspec
I, [2015-03-21T22:41:49.128820 #12051]  INFO -- : 0:  rdoc (4.2.0) from /Users/Amelia/.rvm/gems/ruby-2.0.0-p353/specifications/rdoc-4.2.0.gemspec
I, [2015-03-21T22:41:49.129030 #12051]  INFO -- : 0:  sass (3.2.19) from /Users/Amelia/.rvm/gems/ruby-2.0.0-p353/specifications/sass-3.2.19.gemspec
I, [2015-03-21T22:41:49.129216 #12051]  INFO -- : 0:  sass-rails (4.0.5) from /Users/Amelia/.rvm/gems/ruby-2.0.0-p353/specifications/sass-rails-4.0.5.gemspec
I, [2015-03-21T22:41:49.129412 #12051]  INFO -- : 0:  sdoc (0.4.1) from /Users/Amelia/.rvm/gems/ruby-2.0.0-p353/specifications/sdoc-0.4.1.gemspec
I, [2015-03-21T22:41:49.129602 #12051]  INFO -- : 0:  sqlite3 (1.3.10) from /Users/Amelia/.rvm/gems/ruby-2.0.0-p353/specifications/sqlite3-1.3.10.gemspec
I, [2015-03-21T22:41:49.129779 #12051]  INFO -- : 0:  turbolinks (2.5.3) from /Users/Amelia/.rvm/gems/ruby-2.0.0-p353/specifications/turbolinks-2.5.3.gemspec
I, [2015-03-21T22:41:49.129966 #12051]  INFO -- : 0:  uglifier (2.7.1) from /Users/Amelia/.rvm/gems/ruby-2.0.0-p353/specifications/uglifier-2.7.1.gemspec
I, [2015-03-21T22:42:52.908284 #12083]  INFO -- : 0:  rake (10.4.2) from /Users/Amelia/.rvm/gems/ruby-2.0.0-p353/specifications/rake-10.4.2.gemspec
I, [2015-03-21T22:42:52.909166 #12083]  INFO -- : 0:  i18n (0.7.0) from /Users/Amelia/.rvm/gems/ruby-2.0.0-p353/specifications/i18n-0.7.0.gemspec
I, [2015-03-21T22:42:52.909447 #12083]  INFO -- : 0:  minitest (4.7.5) from /Users/Amelia/.rvm/gems/ruby-2.0.0-p353/specifications/minitest-4.7.5.gemspec
I, [2015-03-21T22:42:52.909695 #12083]  INFO -- : 0:  multi_json (1.11.0) from /Users/Amelia/.rvm/gems/ruby-2.0.0-p353/specifications/multi_json-1.11.0.gemspec
I, [2015-03-21T22:42:52.909904 #12083]  INFO -- : 0:  thread_safe (0.3.5) from /Users/Amelia/.rvm/gems/ruby-2.0.0-p353/specifications/thread_safe-0.3.5.gemspec
I, [2015-03-21T22:42:52.910187 #12083]  INFO -- : 0:  tzinfo (0.3.43) from /Users/Amelia/.rvm/gems/ruby-2.0.0-p353/specifications/tzinfo-0.3.43.gemspec
I, [2015-03-21T22:42:52.910425 #12083]  INFO -- : 0:  activesupport (4.0.2) from /Users/Amelia/.rvm/gems/ruby-2.0.0-p353/specifications/activesupport-4.0.2.gemspec
I, [2015-03-21T22:42:52.910668 #12083]  INFO -- : 0:  builder (3.1.4) from /Users/Amelia/.rvm/gems/ruby-2.0.0-p353/specifications/builder-3.1.4.gemspec
I, [2015-03-21T22:42:52.910887 #12083]  INFO -- : 0:  erubis (2.7.0) from /Users/Amelia/.rvm/gems/ruby-2.0.0-p353/specifications/erubis-2.7.0.gemspec
I, [2015-03-21T22:42:52.911095 #12083]  INFO -- : 0:  rack (1.5.2) from /Users/Amelia/.rvm/gems/ruby-2.0.0-p353/specifications/rack-1.5.2.gemspec
I, [2015-03-21T22:42:52.911298 #12083]  INFO -- : 0:  rack-test (0.6.3) from /Users/Amelia/.rvm/gems/ruby-2.0.0-p353/specifications/rack-test-0.6.3.gemspec
I, [2015-03-21T22:42:52.911500 #12083]  INFO -- : 0:  actionpack (4.0.2) from /Users/Amelia/.rvm/gems/ruby-2.0.0-p353/specifications/actionpack-4.0.2.gemspec
I, [2015-03-21T22:42:52.911722 #12083]  INFO -- : 0:  mime-types (1.25.1) from /Users/Amelia/.rvm/gems/ruby-2.0.0-p353/specifications/mime-types-1.25.1.gemspec
I, [2015-03-21T22:42:52.911910 #12083]  INFO -- : 0:  polyglot (0.3.5) from /Users/Amelia/.rvm/gems/ruby-2.0.0-p353/specifications/polyglot-0.3.5.gemspec
I, [2015-03-21T22:42:52.912107 #12083]  INFO -- : 0:  treetop (1.4.15) from /Users/Amelia/.rvm/gems/ruby-2.0.0-p353/specifications/treetop-1.4.15.gemspec
I, [2015-03-21T22:42:52.912301 #12083]  INFO -- : 0:  mail (2.5.4) from /Users/Amelia/.rvm/gems/ruby-2.0.0-p353/specifications/mail-2.5.4.gemspec
I, [2015-03-21T22:42:52.912503 #12083]  INFO -- : 0:  actionmailer (4.0.2) from /Users/Amelia/.rvm/gems/ruby-2.0.0-p353/specifications/actionmailer-4.0.2.gemspec
I, [2015-03-21T22:42:52.912724 #12083]  INFO -- : 0:  activemodel (4.0.2) from /Users/Amelia/.rvm/gems/ruby-2.0.0-p353/specifications/activemodel-4.0.2.gemspec
I, [2015-03-21T22:42:52.912928 #12083]  INFO -- : 0:  activerecord-deprecated_finders (1.0.3) from /Users/Amelia/.rvm/gems/ruby-2.0.0-p353/specifications/activerecord-deprecated_finders-1.0.3.gemspec
I, [2015-03-21T22:42:52.913136 #12083]  INFO -- : 0:  arel (4.0.2) from /Users/Amelia/.rvm/gems/ruby-2.0.0-p353/specifications/arel-4.0.2.gemspec
I, [2015-03-21T22:42:52.913413 #12083]  INFO -- : 0:  activerecord (4.0.2) from /Users/Amelia/.rvm/gems/ruby-2.0.0-p353/specifications/activerecord-4.0.2.gemspec
I, [2015-03-21T22:42:52.913606 #12083]  INFO -- : 0:  bundler (1.5.1) from /Users/Amelia/.rvm/gems/ruby-2.0.0-p353@global/specifications/bundler-1.5.1.gemspec
I, [2015-03-21T22:42:52.913815 #12083]  INFO -- : 0:  coffee-script-source (1.9.1) from /Users/Amelia/.rvm/gems/ruby-2.0.0-p353/specifications/coffee-script-source-1.9.1.gemspec
I, [2015-03-21T22:42:52.914030 #12083]  INFO -- : 0:  execjs (2.4.0) from /Users/Amelia/.rvm/gems/ruby-2.0.0-p353/specifications/execjs-2.4.0.gemspec
I, [2015-03-21T22:42:52.914218 #12083]  INFO -- : 0:  coffee-script (2.3.0) from /Users/Amelia/.rvm/gems/ruby-2.0.0-p353/specifications/coffee-script-2.3.0.gemspec
I, [2015-03-21T22:42:52.914408 #12083]  INFO -- : 0:  thor (0.19.1) from /Users/Amelia/.rvm/gems/ruby-2.0.0-p353/specifications/thor-0.19.1.gemspec
I, [2015-03-21T22:42:52.914609 #12083]  INFO -- : 0:  railties (4.0.2) from /Users/Amelia/.rvm/gems/ruby-2.0.0-p353/specifications/railties-4.0.2.gemspec
I, [2015-03-21T22:42:52.914806 #12083]  INFO -- : 0:  coffee-rails (4.0.1) from /Users/Amelia/.rvm/gems/ruby-2.0.0-p353/specifications/coffee-rails-4.0.1.gemspec
I, [2015-03-21T22:42:52.915005 #12083]  INFO -- : 0:  hike (1.2.3) from /Users/Amelia/.rvm/gems/ruby-2.0.0-p353/specifications/hike-1.2.3.gemspec
I, [2015-03-21T22:42:52.915217 #12083]  INFO -- : 0:  jbuilder (1.5.3) from /Users/Amelia/.rvm/gems/ruby-2.0.0-p353/specifications/jbuilder-1.5.3.gemspec
I, [2015-03-21T22:42:52.915419 #12083]  INFO -- : 0:  jquery-rails (3.1.2) from /Users/Amelia/.rvm/gems/ruby-2.0.0-p353/specifications/jquery-rails-3.1.2.gemspec
I, [2015-03-21T22:42:52.915623 #12083]  INFO -- : 0:  json (1.8.2) from /Users/Amelia/.rvm/gems/ruby-2.0.0-p353/specifications/json-1.8.2.gemspec
I, [2015-03-21T22:42:52.915822 #12083]  INFO -- : 0:  tilt (1.4.1) from /Users/Amelia/.rvm/gems/ruby-2.0.0-p353/specifications/tilt-1.4.1.gemspec
I, [2015-03-21T22:42:52.916026 #12083]  INFO -- : 0:  sprockets (2.12.3) from /Users/Amelia/.rvm/gems/ruby-2.0.0-p353/specifications/sprockets-2.12.3.gemspec
I, [2015-03-21T22:42:52.916227 #12083]  INFO -- : 0:  sprockets-rails (2.0.1) from /Users/Amelia/.rvm/gems/ruby-2.0.0-p353/specifications/sprockets-rails-2.0.1.gemspec
I, [2015-03-21T22:42:52.916429 #12083]  INFO -- : 0:  rails (4.0.2) from /Users/Amelia/.rvm/gems/ruby-2.0.0-p353/specifications/rails-4.0.2.gemspec
I, [2015-03-21T22:42:52.916628 #12083]  INFO -- : 0:  rdoc (4.2.0) from /Users/Amelia/.rvm/gems/ruby-2.0.0-p353/specifications/rdoc-4.2.0.gemspec
I, [2015-03-21T22:42:52.916810 #12083]  INFO -- : 0:  sass (3.2.19) from /Users/Amelia/.rvm/gems/ruby-2.0.0-p353/specifications/sass-3.2.19.gemspec
I, [2015-03-21T22:42:52.917012 #12083]  INFO -- : 0:  sass-rails (4.0.5) from /Users/Amelia/.rvm/gems/ruby-2.0.0-p353/specifications/sass-rails-4.0.5.gemspec
I, [2015-03-21T22:42:52.917234 #12083]  INFO -- : 0:  sdoc (0.4.1) from /Users/Amelia/.rvm/gems/ruby-2.0.0-p353/specifications/sdoc-0.4.1.gemspec
I, [2015-03-21T22:42:52.917427 #12083]  INFO -- : 0:  sqlite3 (1.3.10) from /Users/Amelia/.rvm/gems/ruby-2.0.0-p353/specifications/sqlite3-1.3.10.gemspec
I, [2015-03-21T22:42:52.917617 #12083]  INFO -- : 0:  turbolinks (2.5.3) from /Users/Amelia/.rvm/gems/ruby-2.0.0-p353/specifications/turbolinks-2.5.3.gemspec
I, [2015-03-21T22:42:52.917816 #12083]  INFO -- : 0:  uglifier (2.7.1) from /Users/Amelia/.rvm/gems/ruby-2.0.0-p353/specifications/uglifier-2.7.1.gemspec
I, [2015-03-21T22:46:20.537022 #12166]  INFO -- : 0:  rake (10.4.2) from /Users/Amelia/.rvm/gems/ruby-2.0.0-p353/specifications/rake-10.4.2.gemspec
I, [2015-03-21T22:46:20.537898 #12166]  INFO -- : 0:  i18n (0.7.0) from /Users/Amelia/.rvm/gems/ruby-2.0.0-p353/specifications/i18n-0.7.0.gemspec
I, [2015-03-21T22:46:20.538231 #12166]  INFO -- : 0:  minitest (4.7.5) from /Users/Amelia/.rvm/gems/ruby-2.0.0-p353/specifications/minitest-4.7.5.gemspec
I, [2015-03-21T22:46:20.538548 #12166]  INFO -- : 0:  multi_json (1.11.0) from /Users/Amelia/.rvm/gems/ruby-2.0.0-p353/specifications/multi_json-1.11.0.gemspec
I, [2015-03-21T22:46:20.538754 #12166]  INFO -- : 0:  thread_safe (0.3.5) from /Users/Amelia/.rvm/gems/ruby-2.0.0-p353/specifications/thread_safe-0.3.5.gemspec
I, [2015-03-21T22:46:20.538952 #12166]  INFO -- : 0:  tzinfo (0.3.43) from /Users/Amelia/.rvm/gems/ruby-2.0.0-p353/specifications/tzinfo-0.3.43.gemspec
I, [2015-03-21T22:46:20.539202 #12166]  INFO -- : 0:  activesupport (4.0.2) from /Users/Amelia/.rvm/gems/ruby-2.0.0-p353/specifications/activesupport-4.0.2.gemspec
I, [2015-03-21T22:46:20.539466 #12166]  INFO -- : 0:  builder (3.1.4) from /Users/Amelia/.rvm/gems/ruby-2.0.0-p353/specifications/builder-3.1.4.gemspec
I, [2015-03-21T22:46:20.539675 #12166]  INFO -- : 0:  erubis (2.7.0) from /Users/Amelia/.rvm/gems/ruby-2.0.0-p353/specifications/erubis-2.7.0.gemspec
I, [2015-03-21T22:46:20.539894 #12166]  INFO -- : 0:  rack (1.5.2) from /Users/Amelia/.rvm/gems/ruby-2.0.0-p353/specifications/rack-1.5.2.gemspec
I, [2015-03-21T22:46:20.540169 #12166]  INFO -- : 0:  rack-test (0.6.3) from /Users/Amelia/.rvm/gems/ruby-2.0.0-p353/specifications/rack-test-0.6.3.gemspec
I, [2015-03-21T22:46:20.540383 #12166]  INFO -- : 0:  actionpack (4.0.2) from /Users/Amelia/.rvm/gems/ruby-2.0.0-p353/specifications/actionpack-4.0.2.gemspec
I, [2015-03-21T22:46:20.540588 #12166]  INFO -- : 0:  mime-types (1.25.1) from /Users/Amelia/.rvm/gems/ruby-2.0.0-p353/specifications/mime-types-1.25.1.gemspec
I, [2015-03-21T22:46:20.540805 #12166]  INFO -- : 0:  polyglot (0.3.5) from /Users/Amelia/.rvm/gems/ruby-2.0.0-p353/specifications/polyglot-0.3.5.gemspec
I, [2015-03-21T22:46:20.541018 #12166]  INFO -- : 0:  treetop (1.4.15) from /Users/Amelia/.rvm/gems/ruby-2.0.0-p353/specifications/treetop-1.4.15.gemspec
I, [2015-03-21T22:46:20.541258 #12166]  INFO -- : 0:  mail (2.5.4) from /Users/Amelia/.rvm/gems/ruby-2.0.0-p353/specifications/mail-2.5.4.gemspec
I, [2015-03-21T22:46:20.541476 #12166]  INFO -- : 0:  actionmailer (4.0.2) from /Users/Amelia/.rvm/gems/ruby-2.0.0-p353/specifications/actionmailer-4.0.2.gemspec
I, [2015-03-21T22:46:20.541691 #12166]  INFO -- : 0:  activemodel (4.0.2) from /Users/Amelia/.rvm/gems/ruby-2.0.0-p353/specifications/activemodel-4.0.2.gemspec
I, [2015-03-21T22:46:20.541887 #12166]  INFO -- : 0:  activerecord-deprecated_finders (1.0.3) from /Users/Amelia/.rvm/gems/ruby-2.0.0-p353/specifications/activerecord-deprecated_finders-1.0.3.gemspec
I, [2015-03-21T22:46:20.542082 #12166]  INFO -- : 0:  arel (4.0.2) from /Users/Amelia/.rvm/gems/ruby-2.0.0-p353/specifications/arel-4.0.2.gemspec
I, [2015-03-21T22:46:20.542278 #12166]  INFO -- : 0:  activerecord (4.0.2) from /Users/Amelia/.rvm/gems/ruby-2.0.0-p353/specifications/activerecord-4.0.2.gemspec
I, [2015-03-21T22:46:20.542471 #12166]  INFO -- : 0:  coffee-script-source (1.9.1) from /Users/Amelia/.rvm/gems/ruby-2.0.0-p353/specifications/coffee-script-source-1.9.1.gemspec
I, [2015-03-21T22:46:20.542662 #12166]  INFO -- : 0:  execjs (2.4.0) from /Users/Amelia/.rvm/gems/ruby-2.0.0-p353/specifications/execjs-2.4.0.gemspec
I, [2015-03-21T22:46:20.542855 #12166]  INFO -- : 0:  coffee-script (2.3.0) from /Users/Amelia/.rvm/gems/ruby-2.0.0-p353/specifications/coffee-script-2.3.0.gemspec
I, [2015-03-21T22:46:20.543046 #12166]  INFO -- : 0:  thor (0.19.1) from /Users/Amelia/.rvm/gems/ruby-2.0.0-p353/specifications/thor-0.19.1.gemspec
I, [2015-03-21T22:46:20.543267 #12166]  INFO -- : 0:  railties (4.0.2) from /Users/Amelia/.rvm/gems/ruby-2.0.0-p353/specifications/railties-4.0.2.gemspec
I, [2015-03-21T22:46:20.543509 #12166]  INFO -- : 0:  coffee-rails (4.0.1) from /Users/Amelia/.rvm/gems/ruby-2.0.0-p353/specifications/coffee-rails-4.0.1.gemspec
I, [2015-03-21T22:46:20.543714 #12166]  INFO -- : 0:  hike (1.2.3) from /Users/Amelia/.rvm/gems/ruby-2.0.0-p353/specifications/hike-1.2.3.gemspec
I, [2015-03-21T22:46:20.543921 #12166]  INFO -- : 0:  jbuilder (1.5.3) from /Users/Amelia/.rvm/gems/ruby-2.0.0-p353/specifications/jbuilder-1.5.3.gemspec
I, [2015-03-21T22:46:20.544124 #12166]  INFO -- : 0:  jquery-rails (3.1.2) from /Users/Amelia/.rvm/gems/ruby-2.0.0-p353/specifications/jquery-rails-3.1.2.gemspec
I, [2015-03-21T22:46:20.544328 #12166]  INFO -- : 0:  json (1.8.2) from /Users/Amelia/.rvm/gems/ruby-2.0.0-p353/specifications/json-1.8.2.gemspec
I, [2015-03-21T22:46:20.544526 #12166]  INFO -- : 0:  bundler (1.5.1) from /Users/Amelia/.rvm/gems/ruby-2.0.0-p353@global/specifications/bundler-1.5.1.gemspec
I, [2015-03-21T22:46:20.544730 #12166]  INFO -- : 0:  tilt (1.4.1) from /Users/Amelia/.rvm/gems/ruby-2.0.0-p353/specifications/tilt-1.4.1.gemspec
I, [2015-03-21T22:46:20.544947 #12166]  INFO -- : 0:  sprockets (2.12.3) from /Users/Amelia/.rvm/gems/ruby-2.0.0-p353/specifications/sprockets-2.12.3.gemspec
I, [2015-03-21T22:46:20.545137 #12166]  INFO -- : 0:  sprockets-rails (2.0.1) from /Users/Amelia/.rvm/gems/ruby-2.0.0-p353/specifications/sprockets-rails-2.0.1.gemspec
I, [2015-03-21T22:46:20.545318 #12166]  INFO -- : 0:  rails (4.0.2) from /Users/Amelia/.rvm/gems/ruby-2.0.0-p353/specifications/rails-4.0.2.gemspec
I, [2015-03-21T22:46:20.545515 #12166]  INFO -- : 0:  rdoc (4.2.0) from /Users/Amelia/.rvm/gems/ruby-2.0.0-p353/specifications/rdoc-4.2.0.gemspec
I, [2015-03-21T22:46:20.545710 #12166]  INFO -- : 0:  sass (3.2.19) from /Users/Amelia/.rvm/gems/ruby-2.0.0-p353/specifications/sass-3.2.19.gemspec
I, [2015-03-21T22:46:20.545911 #12166]  INFO -- : 0:  sass-rails (4.0.5) from /Users/Amelia/.rvm/gems/ruby-2.0.0-p353/specifications/sass-rails-4.0.5.gemspec
I, [2015-03-21T22:46:20.546164 #12166]  INFO -- : 0:  sdoc (0.4.1) from /Users/Amelia/.rvm/gems/ruby-2.0.0-p353/specifications/sdoc-0.4.1.gemspec
I, [2015-03-21T22:46:20.546371 #12166]  INFO -- : 0:  sqlite3 (1.3.10) from /Users/Amelia/.rvm/gems/ruby-2.0.0-p353/specifications/sqlite3-1.3.10.gemspec
I, [2015-03-21T22:46:20.546581 #12166]  INFO -- : 0:  turbolinks (2.5.3) from /Users/Amelia/.rvm/gems/ruby-2.0.0-p353/specifications/turbolinks-2.5.3.gemspec
I, [2015-03-21T22:46:20.546791 #12166]  INFO -- : 0:  uglifier (2.7.1) from /Users/Amelia/.rvm/gems/ruby-2.0.0-p353/specifications/uglifier-2.7.1.gemspec
I, [2015-03-21T22:46:42.983217 #12177]  INFO -- : 0:  rake (10.4.2) from /Users/Amelia/.rvm/gems/ruby-2.0.0-p353/specifications/rake-10.4.2.gemspec
I, [2015-03-21T22:46:42.983505 #12177]  INFO -- : 0:  i18n (0.7.0) from /Users/Amelia/.rvm/gems/ruby-2.0.0-p353/specifications/i18n-0.7.0.gemspec
I, [2015-03-21T22:46:42.983762 #12177]  INFO -- : 0:  minitest (4.7.5) from /Users/Amelia/.rvm/gems/ruby-2.0.0-p353/specifications/minitest-4.7.5.gemspec
I, [2015-03-21T22:46:42.983983 #12177]  INFO -- : 0:  multi_json (1.11.0) from /Users/Amelia/.rvm/gems/ruby-2.0.0-p353/specifications/multi_json-1.11.0.gemspec
I, [2015-03-21T22:46:42.984201 #12177]  INFO -- : 0:  thread_safe (0.3.5) from /Users/Amelia/.rvm/gems/ruby-2.0.0-p353/specifications/thread_safe-0.3.5.gemspec
I, [2015-03-21T22:46:42.984436 #12177]  INFO -- : 0:  tzinfo (0.3.43) from /Users/Amelia/.rvm/gems/ruby-2.0.0-p353/specifications/tzinfo-0.3.43.gemspec
I, [2015-03-21T22:46:42.984670 #12177]  INFO -- : 0:  activesupport (4.0.2) from /Users/Amelia/.rvm/gems/ruby-2.0.0-p353/specifications/activesupport-4.0.2.gemspec
I, [2015-03-21T22:46:42.984898 #12177]  INFO -- : 0:  builder (3.1.4) from /Users/Amelia/.rvm/gems/ruby-2.0.0-p353/specifications/builder-3.1.4.gemspec
I, [2015-03-21T22:46:42.985106 #12177]  INFO -- : 0:  erubis (2.7.0) from /Users/Amelia/.rvm/gems/ruby-2.0.0-p353/specifications/erubis-2.7.0.gemspec
I, [2015-03-21T22:46:42.985308 #12177]  INFO -- : 0:  rack (1.5.2) from /Users/Amelia/.rvm/gems/ruby-2.0.0-p353/specifications/rack-1.5.2.gemspec
I, [2015-03-21T22:46:42.985519 #12177]  INFO -- : 0:  rack-test (0.6.3) from /Users/Amelia/.rvm/gems/ruby-2.0.0-p353/specifications/rack-test-0.6.3.gemspec
I, [2015-03-21T22:46:42.985727 #12177]  INFO -- : 0:  actionpack (4.0.2) from /Users/Amelia/.rvm/gems/ruby-2.0.0-p353/specifications/actionpack-4.0.2.gemspec
I, [2015-03-21T22:46:42.985949 #12177]  INFO -- : 0:  mime-types (1.25.1) from /Users/Amelia/.rvm/gems/ruby-2.0.0-p353/specifications/mime-types-1.25.1.gemspec
I, [2015-03-21T22:46:42.986161 #12177]  INFO -- : 0:  polyglot (0.3.5) from /Users/Amelia/.rvm/gems/ruby-2.0.0-p353/specifications/polyglot-0.3.5.gemspec
I, [2015-03-21T22:46:42.986366 #12177]  INFO -- : 0:  treetop (1.4.15) from /Users/Amelia/.rvm/gems/ruby-2.0.0-p353/specifications/treetop-1.4.15.gemspec
I, [2015-03-21T22:46:42.986569 #12177]  INFO -- : 0:  mail (2.5.4) from /Users/Amelia/.rvm/gems/ruby-2.0.0-p353/specifications/mail-2.5.4.gemspec
I, [2015-03-21T22:46:42.986777 #12177]  INFO -- : 0:  actionmailer (4.0.2) from /Users/Amelia/.rvm/gems/ruby-2.0.0-p353/specifications/actionmailer-4.0.2.gemspec
I, [2015-03-21T22:46:42.987000 #12177]  INFO -- : 0:  activemodel (4.0.2) from /Users/Amelia/.rvm/gems/ruby-2.0.0-p353/specifications/activemodel-4.0.2.gemspec
I, [2015-03-21T22:46:42.987206 #12177]  INFO -- : 0:  activerecord-deprecated_finders (1.0.3) from /Users/Amelia/.rvm/gems/ruby-2.0.0-p353/specifications/activerecord-deprecated_finders-1.0.3.gemspec
I, [2015-03-21T22:46:42.987430 #12177]  INFO -- : 0:  arel (4.0.2) from /Users/Amelia/.rvm/gems/ruby-2.0.0-p353/specifications/arel-4.0.2.gemspec
I, [2015-03-21T22:46:42.987657 #12177]  INFO -- : 0:  activerecord (4.0.2) from /Users/Amelia/.rvm/gems/ruby-2.0.0-p353/specifications/activerecord-4.0.2.gemspec
I, [2015-03-21T22:46:42.987870 #12177]  INFO -- : 0:  coffee-script-source (1.9.1) from /Users/Amelia/.rvm/gems/ruby-2.0.0-p353/specifications/coffee-script-source-1.9.1.gemspec
I, [2015-03-21T22:46:42.988080 #12177]  INFO -- : 0:  execjs (2.4.0) from /Users/Amelia/.rvm/gems/ruby-2.0.0-p353/specifications/execjs-2.4.0.gemspec
I, [2015-03-21T22:46:42.988286 #12177]  INFO -- : 0:  coffee-script (2.3.0) from /Users/Amelia/.rvm/gems/ruby-2.0.0-p353/specifications/coffee-script-2.3.0.gemspec
I, [2015-03-21T22:46:42.988497 #12177]  INFO -- : 0:  thor (0.19.1) from /Users/Amelia/.rvm/gems/ruby-2.0.0-p353/specifications/thor-0.19.1.gemspec
I, [2015-03-21T22:46:42.988687 #12177]  INFO -- : 0:  railties (4.0.2) from /Users/Amelia/.rvm/gems/ruby-2.0.0-p353/specifications/railties-4.0.2.gemspec
I, [2015-03-21T22:46:42.988872 #12177]  INFO -- : 0:  coffee-rails (4.0.1) from /Users/Amelia/.rvm/gems/ruby-2.0.0-p353/specifications/coffee-rails-4.0.1.gemspec
I, [2015-03-21T22:46:42.989058 #12177]  INFO -- : 0:  hike (1.2.3) from /Users/Amelia/.rvm/gems/ruby-2.0.0-p353/specifications/hike-1.2.3.gemspec
I, [2015-03-21T22:46:42.989245 #12177]  INFO -- : 0:  jbuilder (1.5.3) from /Users/Amelia/.rvm/gems/ruby-2.0.0-p353/specifications/jbuilder-1.5.3.gemspec
I, [2015-03-21T22:46:42.989468 #12177]  INFO -- : 0:  jquery-rails (3.1.2) from /Users/Amelia/.rvm/gems/ruby-2.0.0-p353/specifications/jquery-rails-3.1.2.gemspec
I, [2015-03-21T22:46:42.989777 #12177]  INFO -- : 0:  json (1.8.2) from /Users/Amelia/.rvm/gems/ruby-2.0.0-p353/specifications/json-1.8.2.gemspec
I, [2015-03-21T22:46:42.989975 #12177]  INFO -- : 0:  bundler (1.5.1) from /Users/Amelia/.rvm/gems/ruby-2.0.0-p353@global/specifications/bundler-1.5.1.gemspec
I, [2015-03-21T22:46:42.990191 #12177]  INFO -- : 0:  tilt (1.4.1) from /Users/Amelia/.rvm/gems/ruby-2.0.0-p353/specifications/tilt-1.4.1.gemspec
I, [2015-03-21T22:46:42.990389 #12177]  INFO -- : 0:  sprockets (2.12.3) from /Users/Amelia/.rvm/gems/ruby-2.0.0-p353/specifications/sprockets-2.12.3.gemspec
I, [2015-03-21T22:46:42.990601 #12177]  INFO -- : 0:  sprockets-rails (2.0.1) from /Users/Amelia/.rvm/gems/ruby-2.0.0-p353/specifications/sprockets-rails-2.0.1.gemspec
I, [2015-03-21T22:46:42.990795 #12177]  INFO -- : 0:  rails (4.0.2) from /Users/Amelia/.rvm/gems/ruby-2.0.0-p353/specifications/rails-4.0.2.gemspec
I, [2015-03-21T22:46:42.990988 #12177]  INFO -- : 0:  rdoc (4.2.0) from /Users/Amelia/.rvm/gems/ruby-2.0.0-p353/specifications/rdoc-4.2.0.gemspec
I, [2015-03-21T22:46:42.991177 #12177]  INFO -- : 0:  sass (3.2.19) from /Users/Amelia/.rvm/gems/ruby-2.0.0-p353/specifications/sass-3.2.19.gemspec
I, [2015-03-21T22:46:42.991368 #12177]  INFO -- : 0:  sass-rails (4.0.5) from /Users/Amelia/.rvm/gems/ruby-2.0.0-p353/specifications/sass-rails-4.0.5.gemspec
I, [2015-03-21T22:46:42.991557 #12177]  INFO -- : 0:  sdoc (0.4.1) from /Users/Amelia/.rvm/gems/ruby-2.0.0-p353/specifications/sdoc-0.4.1.gemspec
I, [2015-03-21T22:46:42.991745 #12177]  INFO -- : 0:  sqlite3 (1.3.10) from /Users/Amelia/.rvm/gems/ruby-2.0.0-p353/specifications/sqlite3-1.3.10.gemspec
I, [2015-03-21T22:46:42.991961 #12177]  INFO -- : 0:  turbolinks (2.5.3) from /Users/Amelia/.rvm/gems/ruby-2.0.0-p353/specifications/turbolinks-2.5.3.gemspec
I, [2015-03-21T22:46:42.992150 #12177]  INFO -- : 0:  uglifier (2.7.1) from /Users/Amelia/.rvm/gems/ruby-2.0.0-p353/specifications/uglifier-2.7.1.gemspec
